<?xml version="1.0" encoding="UTF-8"?>
<!-- Generated by org.testng.reporters.JUnitReportReporter -->
<testsuite hostname="LIN59015718" failures="0" tests="1" name="Runner.TestngRunner" time="7.856" errors="1" timestamp="06 May 2021 15:46:03 GMT" skipped="0">
  <testcase classname="Runner.TestngRunner" name="feature" time="7.856">
    <error message="org.openqa.selenium.SessionNotCreatedException: session not created: This version of ChromeDriver only supports Chrome version 91
Current browser version is 90.0.4430.93 with binary path C:\Program Files (x86)\Google\Chrome\Application\chrome.exe
Build info: version: &#039;3.141.59&#039;, revision: &#039;e82be7d358&#039;, time: &#039;2018-11-14T08:17:03&#039;
System info: host: &#039;LIN59015718&#039;, ip: &#039;192.168.1.100&#039;, os.name: &#039;Windows 10&#039;, os.arch: &#039;amd64&#039;, os.version: &#039;10.0&#039;, java.version: &#039;15.0.2&#039;
Driver info: driver.version: ChromeDriver
remote stacktrace: Backtrace:
	Ordinal0 [0x005E2DB3+2502067]
	Ordinal0 [0x0057C5B1+2082225]
	Ordinal0 [0x00482498+1057944]
	Ordinal0 [0x004A05DA+1181146]
	Ordinal0 [0x0049C43C+1164348]
	Ordinal0 [0x00499C73+1154163]
	Ordinal0 [0x004C9A22+1350178]
	Ordinal0 [0x004C967A+1349242]
	Ordinal0 [0x004C5BEB+1334251]
	Ordinal0 [0x004A2174+1188212]
	Ordinal0 [0x004A3009+1191945]
	GetHandleVerifier [0x0075EC5C+1511084]
	GetHandleVerifier [0x00808522+2205554]
	GetHandleVerifier [0x00663393+480739]
	GetHandleVerifier [0x00662579+477129]
	Ordinal0 [0x00581E5D+2104925]
	Ordinal0 [0x005863F8+2122744]
	Ordinal0 [0x00586537+2123063]
	Ordinal0 [0x0058EE53+2158163]
	BaseThreadInitThunk [0x7699F989+25]
	RtlGetAppContainerNamedObjectPath [0x774574B4+228]
	RtlGetAppContainerNamedObjectPath [0x77457484+180]
" type="cucumber.runtime.CucumberException">
      <![CDATA[cucumber.runtime.CucumberException: org.openqa.selenium.SessionNotCreatedException: session not created: This version of ChromeDriver only supports Chrome version 91
Current browser version is 90.0.4430.93 with binary path C:\Program Files (x86)\Google\Chrome\Application\chrome.exe
Build info: version: '3.141.59', revision: 'e82be7d358', time: '2018-11-14T08:17:03'
System info: host: 'LIN59015718', ip: '192.168.1.100', os.name: 'Windows 10', os.arch: 'amd64', os.version: '10.0', java.version: '15.0.2'
Driver info: driver.version: ChromeDriver
remote stacktrace: Backtrace:
Ordinal0 [0x005E2DB3+2502067]
Ordinal0 [0x0057C5B1+2082225]
Ordinal0 [0x00482498+1057944]
Ordinal0 [0x004A05DA+1181146]
Ordinal0 [0x0049C43C+1164348]
Ordinal0 [0x00499C73+1154163]
Ordinal0 [0x004C9A22+1350178]
Ordinal0 [0x004C967A+1349242]
Ordinal0 [0x004C5BEB+1334251]
Ordinal0 [0x004A2174+1188212]
Ordinal0 [0x004A3009+1191945]
GetHandleVerifier [0x0075EC5C+1511084]
GetHandleVerifier [0x00808522+2205554]
GetHandleVerifier [0x00663393+480739]
GetHandleVerifier [0x00662579+477129]
Ordinal0 [0x00581E5D+2104925]
Ordinal0 [0x005863F8+2122744]
Ordinal0 [0x00586537+2123063]
Ordinal0 [0x0058EE53+2158163]
BaseThreadInitThunk [0x7699F989+25]
RtlGetAppContainerNamedObjectPath [0x774574B4+228]
RtlGetAppContainerNamedObjectPath [0x77457484+180]

at cucumber.api.testng.TestNGCucumberRunner.runCucumber(TestNGCucumberRunner.java:69)
at cucumber.api.testng.AbstractTestNGCucumberTests.feature(AbstractTestNGCucumberTests.java:21)
at java.base/jdk.internal.reflect.NativeMethodAccessorImpl.invoke0(Native Method)
at java.base/jdk.internal.reflect.NativeMethodAccessorImpl.invoke(NativeMethodAccessorImpl.java:64)
at java.base/jdk.internal.reflect.DelegatingMethodAccessorImpl.invoke(DelegatingMethodAccessorImpl.java:43)
at java.base/java.lang.reflect.Method.invoke(Method.java:564)
at org.testng.internal.MethodInvocationHelper.invokeMethod(MethodInvocationHelper.java:124)
at org.testng.internal.Invoker.invokeMethod(Invoker.java:583)
at org.testng.internal.Invoker.invokeTestMethod(Invoker.java:719)
at org.testng.internal.Invoker.invokeTestMethods(Invoker.java:989)
at org.testng.internal.TestMethodWorker.invokeTestMethods(TestMethodWorker.java:125)
at org.testng.internal.TestMethodWorker.run(TestMethodWorker.java:109)
at org.testng.TestRunner.privateRun(TestRunner.java:648)
at org.testng.TestRunner.run(TestRunner.java:505)
at org.testng.SuiteRunner.runTest(SuiteRunner.java:455)
at org.testng.SuiteRunner.runSequentially(SuiteRunner.java:450)
at org.testng.SuiteRunner.privateRun(SuiteRunner.java:415)
at org.testng.SuiteRunner.run(SuiteRunner.java:364)
at org.testng.SuiteRunnerWorker.runSuite(SuiteRunnerWorker.java:52)
at org.testng.SuiteRunnerWorker.run(SuiteRunnerWorker.java:84)
at org.testng.TestNG.runSuitesSequentially(TestNG.java:1208)
at org.testng.TestNG.runSuitesLocally(TestNG.java:1137)
at org.testng.TestNG.runSuites(TestNG.java:1049)
at org.testng.TestNG.run(TestNG.java:1017)
at org.testng.remote.AbstractRemoteTestNG.run(AbstractRemoteTestNG.java:115)
at org.testng.remote.RemoteTestNG.initAndRun(RemoteTestNG.java:251)
at org.testng.remote.RemoteTestNG.main(RemoteTestNG.java:77)
Caused by: org.openqa.selenium.SessionNotCreatedException: session not created: This version of ChromeDriver only supports Chrome version 91
Current browser version is 90.0.4430.93 with binary path C:\Program Files (x86)\Google\Chrome\Application\chrome.exe
Build info: version: '3.141.59', revision: 'e82be7d358', time: '2018-11-14T08:17:03'
System info: host: 'LIN59015718', ip: '192.168.1.100', os.name: 'Windows 10', os.arch: 'amd64', os.version: '10.0', java.version: '15.0.2'
Driver info: driver.version: ChromeDriver
remote stacktrace: Backtrace:
Ordinal0 [0x005E2DB3+2502067]
Ordinal0 [0x0057C5B1+2082225]
Ordinal0 [0x00482498+1057944]
Ordinal0 [0x004A05DA+1181146]
Ordinal0 [0x0049C43C+1164348]
Ordinal0 [0x00499C73+1154163]
Ordinal0 [0x004C9A22+1350178]
Ordinal0 [0x004C967A+1349242]
Ordinal0 [0x004C5BEB+1334251]
Ordinal0 [0x004A2174+1188212]
Ordinal0 [0x004A3009+1191945]
GetHandleVerifier [0x0075EC5C+1511084]
GetHandleVerifier [0x00808522+2205554]
GetHandleVerifier [0x00663393+480739]
GetHandleVerifier [0x00662579+477129]
Ordinal0 [0x00581E5D+2104925]
Ordinal0 [0x005863F8+2122744]
Ordinal0 [0x00586537+2123063]
Ordinal0 [0x0058EE53+2158163]
BaseThreadInitThunk [0x7699F989+25]
RtlGetAppContainerNamedObjectPath [0x774574B4+228]
RtlGetAppContainerNamedObjectPath [0x77457484+180]

at java.base/jdk.internal.reflect.NativeConstructorAccessorImpl.newInstance0(Native Method)
at java.base/jdk.internal.reflect.NativeConstructorAccessorImpl.newInstance(NativeConstructorAccessorImpl.java:64)
at java.base/jdk.internal.reflect.DelegatingConstructorAccessorImpl.newInstance(DelegatingConstructorAccessorImpl.java:45)
at java.base/java.lang.reflect.Constructor.newInstanceWithCaller(Constructor.java:500)
at java.base/java.lang.reflect.Constructor.newInstance(Constructor.java:481)
at org.openqa.selenium.remote.W3CHandshakeResponse.lambda$errorHandler$0(W3CHandshakeResponse.java:62)
at org.openqa.selenium.remote.HandshakeResponse.lambda$getResponseFunction$0(HandshakeResponse.java:30)
at org.openqa.selenium.remote.ProtocolHandshake.lambda$createSession$0(ProtocolHandshake.java:126)
at java.base/java.util.stream.ReferencePipeline$3$1.accept(ReferencePipeline.java:195)
at java.base/java.util.Spliterators$ArraySpliterator.tryAdvance(Spliterators.java:958)
at java.base/java.util.stream.ReferencePipeline.forEachWithCancel(ReferencePipeline.java:127)
at java.base/java.util.stream.AbstractPipeline.copyIntoWithCancel(AbstractPipeline.java:502)
at java.base/java.util.stream.AbstractPipeline.copyInto(AbstractPipeline.java:488)
at java.base/java.util.stream.AbstractPipeline.wrapAndCopyInto(AbstractPipeline.java:474)
at java.base/java.util.stream.FindOps$FindOp.evaluateSequential(FindOps.java:150)
at java.base/java.util.stream.AbstractPipeline.evaluate(AbstractPipeline.java:234)
at java.base/java.util.stream.ReferencePipeline.findFirst(ReferencePipeline.java:543)
at org.openqa.selenium.remote.ProtocolHandshake.createSession(ProtocolHandshake.java:128)
at org.openqa.selenium.remote.ProtocolHandshake.createSession(ProtocolHandshake.java:74)
at org.openqa.selenium.remote.HttpCommandExecutor.execute(HttpCommandExecutor.java:136)
at org.openqa.selenium.remote.service.DriverCommandExecutor.execute(DriverCommandExecutor.java:83)
at org.openqa.selenium.remote.RemoteWebDriver.execute(RemoteWebDriver.java:552)
at org.openqa.selenium.remote.RemoteWebDriver.startSession(RemoteWebDriver.java:213)
at org.openqa.selenium.remote.RemoteWebDriver.<init>(RemoteWebDriver.java:131)
at org.openqa.selenium.chrome.ChromeDriver.<init>(ChromeDriver.java:181)
at org.openqa.selenium.chrome.ChromeDriver.<init>(ChromeDriver.java:168)
at org.openqa.selenium.chrome.ChromeDriver.<init>(ChromeDriver.java:123)
at stepdefinition.createTask2.user_navigate_to_the_login_page(createTask2.java:20)
at âœ½.Given User navigate to the login page(src/test/resources/Features/Create.feature:5)
]]>
    </error>
  </testcase> <!-- feature -->
</testsuite> <!-- Runner.TestngRunner -->
